Using pre-set license
Built from '2020.3/release' branch; Version is '2020.3.15f2 (6cf78cb77498) revision 7141260'; Using compiler version '192528614'; Build Type 'Release'
OS: 'Windows 10 Home; OS build 22000.613; Version 2009; 64bit' Language: 'en' Physical Memory: 7969 MB
BatchMode: 1, IsHumanControllingUs: 0, StartBugReporterOnCrash: 0, Is64bit: 1, IsPro: 0

 COMMAND LINE ARGUMENTS:
C:\Users\Kalynn\Documents\Level Design\2020.3.15f2\Editor\Unity.exe
-adb2
-batchMode
-noUpm
-name
AssetImportWorker1
-projectPath
C:/Users/Kalynn/Documents/Mobile Game Design/AdvancedWorkshopFPSGame
-logFile
Logs/AssetImportWorker1.log
-srvPort
60584
Successfully changed project path to: C:/Users/Kalynn/Documents/Mobile Game Design/AdvancedWorkshopFPSGame
C:/Users/Kalynn/Documents/Mobile Game Design/AdvancedWorkshopFPSGame
Using Asset Import Pipeline V2.
Refreshing native plugins compatible for Editor in 40.13 ms, found 2 plugins.
Preloading 0 native plugins for Editor in 0.00 ms.
Initialize engine version: 2020.3.15f2 (6cf78cb77498)
[Subsystems] Discovering subsystems at path C:/Users/Kalynn/Documents/Level Design/2020.3.15f2/Editor/Data/Resources/UnitySubsystems
[Subsystems] Discovering subsystems at path C:/Users/Kalynn/Documents/Mobile Game Design/AdvancedWorkshopFPSGame/Assets
GfxDevice: creating device client; threaded=0
Direct3D:
    Version:  Direct3D 11.0 [level 11.1]
    Renderer: Intel(R) Iris(R) Plus Graphics (ID=0x8a52)
    Vendor:   
    VRAM:     3984 MB
    Driver:   26.20.100.7926
Initialize mono
Mono path[0] = 'C:/Users/Kalynn/Documents/Level Design/2020.3.15f2/Editor/Data/Managed'
Mono path[1] = 'C:/Users/Kalynn/Documents/Level Design/2020.3.15f2/Editor/Data/MonoBleedingEdge/lib/mono/unityjit'
Mono config path = 'C:/Users/Kalynn/Documents/Level Design/2020.3.15f2/Editor/Data/MonoBleedingEdge/etc'
Using monoOptions --debugger-agent=transport=dt_socket,embedding=1,server=y,suspend=n,address=127.0.0.1:56800
Begin MonoManager ReloadAssembly
Registering precompiled unity dll's ...
Register platform support module: C:/Users/Kalynn/Documents/Level Design/2020.3.15f2/Editor/Data/PlaybackEngines/WindowsStandaloneSupport/UnityEditor.WindowsStandalone.Extensions.dll
Registered in 0.001677 seconds.
Native extension for WindowsStandalone target not found
Refreshing native plugins compatible for Editor in 37.25 ms, found 2 plugins.
Preloading 0 native plugins for Editor in 0.00 ms.
Mono: successfully reloaded assembly
- Completed reload, in  1.076 seconds
Domain Reload Profiling:
	ReloadAssembly (1077ms)
		BeginReloadAssembly (58ms)
			ExecutionOrderSort (0ms)
			DisableScriptedObjects (0ms)
			BackupInstance (0ms)
			ReleaseScriptingObjects (0ms)
			CreateAndSetChildDomain (1ms)
		EndReloadAssembly (409ms)
			LoadAssemblies (56ms)
			RebuildTransferFunctionScriptingTraits (0ms)
			SetupTypeCache (147ms)
			ReleaseScriptCaches (0ms)
			RebuildScriptCaches (33ms)
			SetupLoadedEditorAssemblies (151ms)
				LogAssemblyErrors (0ms)
				InitializePlatformSupportModulesInManaged (4ms)
				SetLoadedEditorAssemblies (1ms)
				RefreshPlugins (37ms)
				BeforeProcessingInitializeOnLoad (6ms)
				ProcessInitializeOnLoadAttributes (77ms)
				ProcessInitializeOnLoadMethodAttributes (26ms)
				AfterProcessingInitializeOnLoad (0ms)
				EditorAssembliesLoaded (0ms)
			ExecutionOrderSort2 (0ms)
			AwakeInstancesAfterBackupRestoration (0ms)
Platform modules already initialized, skipping
Registering precompiled user dll's ...
Registered in 0.004192 seconds.
Begin MonoManager ReloadAssembly
Native extension for WindowsStandalone target not found
Refreshing native plugins compatible for Editor in 36.97 ms, found 2 plugins.
Preloading 0 native plugins for Editor in 0.00 ms.
Mono: successfully reloaded assembly
- Completed reload, in  8.285 seconds
Domain Reload Profiling:
	ReloadAssembly (8295ms)
		BeginReloadAssembly (132ms)
			ExecutionOrderSort (0ms)
			DisableScriptedObjects (4ms)
			BackupInstance (0ms)
			ReleaseScriptingObjects (0ms)
			CreateAndSetChildDomain (19ms)
		EndReloadAssembly (8096ms)
			LoadAssemblies (3301ms)
			RebuildTransferFunctionScriptingTraits (0ms)
			SetupTypeCache (3559ms)
			ReleaseScriptCaches (0ms)
			RebuildScriptCaches (42ms)
			SetupLoadedEditorAssemblies (1030ms)
				LogAssemblyErrors (0ms)
				InitializePlatformSupportModulesInManaged (4ms)
				SetLoadedEditorAssemblies (0ms)
				RefreshPlugins (37ms)
				BeforeProcessingInitializeOnLoad (57ms)
				ProcessInitializeOnLoadAttributes (922ms)
				ProcessInitializeOnLoadMethodAttributes (4ms)
				AfterProcessingInitializeOnLoad (5ms)
				EditorAssembliesLoaded (0ms)
			ExecutionOrderSort2 (0ms)
			AwakeInstancesAfterBackupRestoration (7ms)
Platform modules already initialized, skipping
========================================================================
Worker process is ready to serve import requests
Launched and connected shader compiler UnityShaderCompiler.exe after 0.18 seconds
Refreshing native plugins compatible for Editor in 0.39 ms, found 2 plugins.
Preloading 0 native plugins for Editor in 0.00 ms.
Unloading 1758 Unused Serialized files (Serialized files now loaded: 0)
System memory in use before: 81.7 MB.
System memory in use after: 81.8 MB.

Unloading 20 unused Assets to reduce memory usage. Loaded Objects now: 2202.
Total: 2.583600 ms (FindLiveObjects: 0.160600 ms CreateObjectMapping: 0.073200 ms MarkObjects: 2.234200 ms  DeleteObjects: 0.113900 ms)

AssetImportParameters requested are different than current active one (requested -> active):
  custom:framework-win-MediaFoundation: 216162199b28c13a410421893ffa2e32 -> 
  custom:video-decoder-ogg-theora: a1e56fd34408186e4bbccfd4996cb3dc -> 
  custom:container-muxer-webm: aa71ff27fc2769a1b78a27578f13a17b -> 
  custom:container-demuxer-webm: 4f35f7cbe854078d1ac9338744f61a02 -> 
  custom:container-demuxer-ogg: 62fdf1f143b41e24485cea50d1cbac27 -> 
  custom:video-encoder-webm-vp8: eb34c28f22e8b96e1ab97ce403110664 -> 
  custom:video-decoder-webm-vp8: 9c59270c3fd7afecdb556c50c9e8de78 -> 
  custom:audio-decoder-ogg-vorbis: bf7c407c2cedff20999df2af8eb42d56 -> 
  custom:audio-encoder-webm-vorbis: bf7c407c2cedff20999df2af8eb42d56 -> 
========================================================================
Received Import Request.
  path: Assets/Prefabs/Kalynn's Assets/Textures/Door/Door.mat
  artifactKey: Guid(441449f2e77346b41a49e6b71645b066) Importer(815301076,1909f56bfc062723c751e8b465ee728b)
Start importing Assets/Prefabs/Kalynn's Assets/Textures/Door/Door.mat using Guid(441449f2e77346b41a49e6b71645b066) Importer(815301076,1909f56bfc062723c751e8b465ee728b)  -> (artifact id: '31e14f973b8b3384e083f1fc6c5a260c') in 0.413643 seconds 
  Import took 0.418664 seconds .

========================================================================
Received Import Request.
  Time since last request: 0.000515 seconds.
  path: Assets/Prefabs/Kalynn's Assets/Textures/Door/Accent.mat
  artifactKey: Guid(90be0c3cacb8e67479a08dc5d1f0b000) Importer(815301076,1909f56bfc062723c751e8b465ee728b)
Start importing Assets/Prefabs/Kalynn's Assets/Textures/Door/Accent.mat using Guid(90be0c3cacb8e67479a08dc5d1f0b000) Importer(815301076,1909f56bfc062723c751e8b465ee728b)  -> (artifact id: '2432c6f99b73f3c6c1fd0eb27472c7c2') in 0.173516 seconds 
  Import took 0.176709 seconds .

========================================================================
Received Import Request.
  Time since last request: 0.000289 seconds.
  path: Assets/Prefabs/Kalynn's Assets/Textures/Door/DoorAccent.mat
  artifactKey: Guid(81982252c90d76f4c83c366a00c6146b) Importer(815301076,1909f56bfc062723c751e8b465ee728b)
Start importing Assets/Prefabs/Kalynn's Assets/Textures/Door/DoorAccent.mat using Guid(81982252c90d76f4c83c366a00c6146b) Importer(815301076,1909f56bfc062723c751e8b465ee728b)  -> (artifact id: '18c4c10b73c67ae026df5a27fad4203a') in 0.055185 seconds 
  Import took 0.060430 seconds .

========================================================================
Received Import Request.
  Time since last request: 0.000220 seconds.
  path: Assets/Prefabs/Kalynn's Assets/Textures/Door/Bolt.mat
  artifactKey: Guid(0897305ccd3e89e45867a833dbc65943) Importer(815301076,1909f56bfc062723c751e8b465ee728b)
Start importing Assets/Prefabs/Kalynn's Assets/Textures/Door/Bolt.mat using Guid(0897305ccd3e89e45867a833dbc65943) Importer(815301076,1909f56bfc062723c751e8b465ee728b)  -> (artifact id: 'e1531464ab5f61657f4d5d6861c2856a') in 0.036829 seconds 
  Import took 0.041817 seconds .

========================================================================
Received Import Request.
  Time since last request: 0.000340 seconds.
  path: Assets/Prefabs/Kalynn's Assets/Textures/Door/Decor.mat
  artifactKey: Guid(225825f460033064784ada86c6628f36) Importer(815301076,1909f56bfc062723c751e8b465ee728b)
Start importing Assets/Prefabs/Kalynn's Assets/Textures/Door/Decor.mat using Guid(225825f460033064784ada86c6628f36) Importer(815301076,1909f56bfc062723c751e8b465ee728b)  -> (artifact id: 'e82efdb14d6c9ae98610989822b8d626') in 0.043893 seconds 
  Import took 0.051452 seconds .

========================================================================
Received Import Request.
  Time since last request: 123.303474 seconds.
  path: Assets/Prefabs/Kalynn's Assets/Textures/Table Light/Holder.mat
  artifactKey: Guid(d0125b5a6872671419c855de00666491) Importer(815301076,1909f56bfc062723c751e8b465ee728b)
Start importing Assets/Prefabs/Kalynn's Assets/Textures/Table Light/Holder.mat using Guid(d0125b5a6872671419c855de00666491) Importer(815301076,1909f56bfc062723c751e8b465ee728b)  -> (artifact id: 'a7977bd967f98448b77564c36554eef3') in 0.052618 seconds 
  Import took 0.059933 seconds .

========================================================================
Received Import Request.
  Time since last request: 0.007715 seconds.
  path: Assets/Prefabs/Kalynn's Assets/Textures/Table Light/Holder.mat
  artifactKey: Guid(d0125b5a6872671419c855de00666491) Importer(815301076,1909f56bfc062723c751e8b465ee728b)
Start importing Assets/Prefabs/Kalynn's Assets/Textures/Table Light/Holder.mat using Guid(d0125b5a6872671419c855de00666491) Importer(815301076,1909f56bfc062723c751e8b465ee728b)  -> (artifact id: 'a7977bd967f98448b77564c36554eef3') in 0.022839 seconds 
  Import took 0.031661 seconds .

========================================================================
Received Import Request.
  Time since last request: 517.882494 seconds.
  path: Assets/Prefabs/Kalynn's Assets/Textures/Shelf's/SmallShelfAccent.mat
  artifactKey: Guid(bbc44bc7d62354b409fbdbc0103b266b) Importer(815301076,1909f56bfc062723c751e8b465ee728b)
Start importing Assets/Prefabs/Kalynn's Assets/Textures/Shelf's/SmallShelfAccent.mat using Guid(bbc44bc7d62354b409fbdbc0103b266b) Importer(815301076,1909f56bfc062723c751e8b465ee728b)  -> (artifact id: '93b70ae978876b21a8295b1cea90dd91') in 1.105358 seconds 
  Import took 1.113425 seconds .

========================================================================
Received Import Request.
  Time since last request: 0.000280 seconds.
  path: Assets/Prefabs/Kalynn's Assets/Textures/Shelf's/SmallSHelfWood.mat
  artifactKey: Guid(7029c6b9142a58048bfaf8dee243719c) Importer(815301076,1909f56bfc062723c751e8b465ee728b)
Start importing Assets/Prefabs/Kalynn's Assets/Textures/Shelf's/SmallSHelfWood.mat using Guid(7029c6b9142a58048bfaf8dee243719c) Importer(815301076,1909f56bfc062723c751e8b465ee728b)  -> (artifact id: 'c9c4fcf7c220f8fcbd7ce56fde70e94f') in 0.048219 seconds 
  Import took 0.052333 seconds .

========================================================================
Received Import Request.
  Time since last request: 0.003011 seconds.
  path: Assets/Prefabs/Kalynn's Assets/Textures/Shelf's/SmallSHelfWood.mat
  artifactKey: Guid(7029c6b9142a58048bfaf8dee243719c) Importer(815301076,1909f56bfc062723c751e8b465ee728b)
Start importing Assets/Prefabs/Kalynn's Assets/Textures/Shelf's/SmallSHelfWood.mat using Guid(7029c6b9142a58048bfaf8dee243719c) Importer(815301076,1909f56bfc062723c751e8b465ee728b)  -> (artifact id: 'c9c4fcf7c220f8fcbd7ce56fde70e94f') in 0.028872 seconds 
  Import took 0.038289 seconds .

========================================================================
Received Import Request.
  Time since last request: 12.211206 seconds.
  path: Assets/Prefabs/Kalynn's Assets/Textures/Shelf's/BigShelfAccent_2D_View.jpg
  artifactKey: Guid(7bdefcb961380314786ed5bccc9ac934) Importer(815301076,1909f56bfc062723c751e8b465ee728b)
Start importing Assets/Prefabs/Kalynn's Assets/Textures/Shelf's/BigShelfAccent_2D_View.jpg using Guid(7bdefcb961380314786ed5bccc9ac934) Importer(815301076,1909f56bfc062723c751e8b465ee728b)  -> (artifact id: 'ac301f411afba0a135a8ee34e6a85d0b') in 0.064784 seconds 
  Import took 0.069788 seconds .

========================================================================
Received Import Request.
  Time since last request: 0.000310 seconds.
  path: Assets/Prefabs/Kalynn's Assets/Textures/Shelf's/BigShelfWood_2D_View.jpg
  artifactKey: Guid(a4dfd5ee83543784a8f05e515374ce4d) Importer(815301076,1909f56bfc062723c751e8b465ee728b)
Start importing Assets/Prefabs/Kalynn's Assets/Textures/Shelf's/BigShelfWood_2D_View.jpg using Guid(a4dfd5ee83543784a8f05e515374ce4d) Importer(815301076,1909f56bfc062723c751e8b465ee728b)  -> (artifact id: '376a5e1a1f0290665aa50d60d1437618') in 0.020542 seconds 
  Import took 0.024060 seconds .

========================================================================
Received Import Request.
  Time since last request: 0.007923 seconds.
  path: Assets/Prefabs/Kalynn's Assets/Textures/Shelf's/BigShelfWood_2D_View.jpg
  artifactKey: Guid(a4dfd5ee83543784a8f05e515374ce4d) Importer(815301076,1909f56bfc062723c751e8b465ee728b)
Start importing Assets/Prefabs/Kalynn's Assets/Textures/Shelf's/BigShelfWood_2D_View.jpg using Guid(a4dfd5ee83543784a8f05e515374ce4d) Importer(815301076,1909f56bfc062723c751e8b465ee728b)  -> (artifact id: '376a5e1a1f0290665aa50d60d1437618') in 0.016800 seconds 
  Import took 0.020382 seconds .

========================================================================
Received Import Request.
  Time since last request: 16.400724 seconds.
  path: Assets/Prefabs/Kalynn's Assets/Textures/Shelf's/BigShelfAccent.mat
  artifactKey: Guid(ed7a3a5cea2fd094ea9c20fb4762f876) Importer(815301076,1909f56bfc062723c751e8b465ee728b)
Start importing Assets/Prefabs/Kalynn's Assets/Textures/Shelf's/BigShelfAccent.mat using Guid(ed7a3a5cea2fd094ea9c20fb4762f876) Importer(815301076,1909f56bfc062723c751e8b465ee728b)  -> (artifact id: '7a19e03eccc3d82b59bef6021f84732d') in 0.042544 seconds 
  Import took 0.051546 seconds .

========================================================================
Received Import Request.
  Time since last request: 18.454572 seconds.
  path: Assets/Prefabs/Kalynn's Assets/Textures/Shelf's/BigShelfWood.mat
  artifactKey: Guid(8e6d364ccce728e438c8c03a0c6ebb28) Importer(815301076,1909f56bfc062723c751e8b465ee728b)
Start importing Assets/Prefabs/Kalynn's Assets/Textures/Shelf's/BigShelfWood.mat using Guid(8e6d364ccce728e438c8c03a0c6ebb28) Importer(815301076,1909f56bfc062723c751e8b465ee728b)  -> (artifact id: 'd414494fa277a5103d8b06bdf68b23d4') in 0.033793 seconds 
  Import took 0.039991 seconds .

========================================================================
Received Import Request.
  Time since last request: 2359.860454 seconds.
  path: Assets/Prefabs/Kalynn's Assets/Textures/Bench/Bench wood.mat
  artifactKey: Guid(1e057c2bbfea11e4585a2761fb68249a) Importer(815301076,1909f56bfc062723c751e8b465ee728b)
Start importing Assets/Prefabs/Kalynn's Assets/Textures/Bench/Bench wood.mat using Guid(1e057c2bbfea11e4585a2761fb68249a) Importer(815301076,1909f56bfc062723c751e8b465ee728b)  -> (artifact id: '826660e297fe8ff5039170acfacdd454') in 0.340773 seconds 
  Import took 0.374804 seconds .

========================================================================
Received Import Request.
  Time since last request: 7.893062 seconds.
  path: Assets/Prefabs/Kalynn's Assets/Textures/Bench/Cusion_2D_View.jpg
  artifactKey: Guid(508089bf2b808434bae98778a35e60c3) Importer(815301076,1909f56bfc062723c751e8b465ee728b)
Start importing Assets/Prefabs/Kalynn's Assets/Textures/Bench/Cusion_2D_View.jpg using Guid(508089bf2b808434bae98778a35e60c3) Importer(815301076,1909f56bfc062723c751e8b465ee728b)  -> (artifact id: 'b2a3462215ef25c99eb8645ec610ee55') in 0.028941 seconds 
  Import took 0.037860 seconds .

========================================================================
Received Import Request.
  Time since last request: 9.864967 seconds.
  path: Assets/Prefabs/Kalynn's Assets/Textures/Bench/New Material.mat
  artifactKey: Guid(987705a3feb3bb545bfe4a6f89ba12b4) Importer(815301076,1909f56bfc062723c751e8b465ee728b)
Start importing Assets/Prefabs/Kalynn's Assets/Textures/Bench/New Material.mat using Guid(987705a3feb3bb545bfe4a6f89ba12b4) Importer(815301076,1909f56bfc062723c751e8b465ee728b)  -> (artifact id: '3b40bcd05e87e518534037356b6c2515') in 0.037202 seconds 
  Import took 0.043417 seconds .

========================================================================
Received Import Request.
  Time since last request: 21.291280 seconds.
  path: Assets/Prefabs/Kalynn's Assets/Textures/Bench/Cusion.mat
  artifactKey: Guid(987705a3feb3bb545bfe4a6f89ba12b4) Importer(815301076,1909f56bfc062723c751e8b465ee728b)
Start importing Assets/Prefabs/Kalynn's Assets/Textures/Bench/Cusion.mat using Guid(987705a3feb3bb545bfe4a6f89ba12b4) Importer(815301076,1909f56bfc062723c751e8b465ee728b)  -> (artifact id: '0e1bc54b5654ca50913d856b6319215c') in 0.034970 seconds 
  Import took 0.039917 seconds .

========================================================================
Received Import Request.
  Time since last request: 2064.327026 seconds.
  path: Assets/Prefabs/Kalynn's Assets/Textures/Carts/DoubleDecker
  artifactKey: Guid(976778e715e265e49b88c3649641ee73) Importer(815301076,1909f56bfc062723c751e8b465ee728b)
Start importing Assets/Prefabs/Kalynn's Assets/Textures/Carts/DoubleDecker using Guid(976778e715e265e49b88c3649641ee73) Importer(815301076,1909f56bfc062723c751e8b465ee728b)  -> (artifact id: '741c666b2c06d94bf3b83444fab68800') in 0.132084 seconds 
  Import took 1.310870 seconds .

========================================================================
Received Import Request.
  Time since last request: 1.381242 seconds.
  path: Assets/Prefabs/Kalynn's Assets/Textures/Carts/DoubleDecker
  artifactKey: Guid(976778e715e265e49b88c3649641ee73) Importer(815301076,1909f56bfc062723c751e8b465ee728b)
Start importing Assets/Prefabs/Kalynn's Assets/Textures/Carts/DoubleDecker using Guid(976778e715e265e49b88c3649641ee73) Importer(815301076,1909f56bfc062723c751e8b465ee728b)  -> (artifact id: '741c666b2c06d94bf3b83444fab68800') in 0.005719 seconds 
  Import took 0.009973 seconds .

========================================================================
Received Import Request.
  Time since last request: 3.758116 seconds.
  path: Assets/Prefabs/Kalynn's Assets/Textures/Carts/DoubleDecker/Wall
  artifactKey: Guid(2e0df2cda11d3c346950accd0e9cb89d) Importer(815301076,1909f56bfc062723c751e8b465ee728b)
Start importing Assets/Prefabs/Kalynn's Assets/Textures/Carts/DoubleDecker/Wall using Guid(2e0df2cda11d3c346950accd0e9cb89d) Importer(815301076,1909f56bfc062723c751e8b465ee728b)  -> (artifact id: 'e0218fdb2b4dd17f63ff721b3fd4b0f0') in 0.058635 seconds 
  Import took 0.064037 seconds .

========================================================================
Received Import Request.
  Time since last request: 17.812076 seconds.
  path: Assets/Prefabs/Kalynn's Assets/Textures/Carts/Default
  artifactKey: Guid(c5fc5cddfadb1754f970f98f6a069f9f) Importer(815301076,1909f56bfc062723c751e8b465ee728b)
Start importing Assets/Prefabs/Kalynn's Assets/Textures/Carts/Default using Guid(c5fc5cddfadb1754f970f98f6a069f9f) Importer(815301076,1909f56bfc062723c751e8b465ee728b)  -> (artifact id: 'e1688caeaec4331da1f1fdfe341e7f28') in 0.013242 seconds 
  Import took 0.042641 seconds .

========================================================================
Received Import Request.
  Time since last request: 587.553410 seconds.
  path: Assets/Prefabs/Kalynn's Assets/Textures/Carts/DoubleDecker/Railing_2D_View.jpg
  artifactKey: Guid(ca872d762a40f6e4d879345e8f2986d9) Importer(815301076,1909f56bfc062723c751e8b465ee728b)
Start importing Assets/Prefabs/Kalynn's Assets/Textures/Carts/DoubleDecker/Railing_2D_View.jpg using Guid(ca872d762a40f6e4d879345e8f2986d9) Importer(815301076,1909f56bfc062723c751e8b465ee728b)  -> (artifact id: '963d3e14bd15c4d4b1c16962423fa726') in 0.458440 seconds 
  Import took 0.508634 seconds .

========================================================================
Received Import Request.
  Time since last request: 0.000235 seconds.
  path: Assets/Prefabs/Kalynn's Assets/Textures/Carts/DoubleDecker/Stairs_2D_View.jpg
  artifactKey: Guid(658ad7405db09f74180e85dad6821190) Importer(815301076,1909f56bfc062723c751e8b465ee728b)
Start importing Assets/Prefabs/Kalynn's Assets/Textures/Carts/DoubleDecker/Stairs_2D_View.jpg using Guid(658ad7405db09f74180e85dad6821190) Importer(815301076,1909f56bfc062723c751e8b465ee728b)  -> (artifact id: 'e04c8914484dcabea6397be1d97dd63c') in 0.084183 seconds 
  Import took 0.109689 seconds .

========================================================================
Received Import Request.
  Time since last request: 0.000717 seconds.
  path: Assets/Prefabs/Kalynn's Assets/Textures/Carts/DoubleDecker/StairInnerWall_2D_View.jpg
  artifactKey: Guid(72900065799ca7e458e32b6797270a21) Importer(815301076,1909f56bfc062723c751e8b465ee728b)
Start importing Assets/Prefabs/Kalynn's Assets/Textures/Carts/DoubleDecker/StairInnerWall_2D_View.jpg using Guid(72900065799ca7e458e32b6797270a21) Importer(815301076,1909f56bfc062723c751e8b465ee728b)  -> (artifact id: 'c9b3d08b03f8d38bddf46e43a043b6f1') in 0.097658 seconds 
  Import took 0.104334 seconds .

========================================================================
Received Import Request.
  Time since last request: 0.000604 seconds.
  path: Assets/Prefabs/Kalynn's Assets/Textures/Carts/DoubleDecker/StairOuterCart_2D_View.jpg
  artifactKey: Guid(09dfd8e8f56eb9746bbdfa813837d788) Importer(815301076,1909f56bfc062723c751e8b465ee728b)
Start importing Assets/Prefabs/Kalynn's Assets/Textures/Carts/DoubleDecker/StairOuterCart_2D_View.jpg using Guid(09dfd8e8f56eb9746bbdfa813837d788) Importer(815301076,1909f56bfc062723c751e8b465ee728b)  -> (artifact id: '86602b378eaa0ac4a355c5e418523fab') in 0.037787 seconds 
  Import took 0.046045 seconds .

========================================================================
Received Import Request.
  Time since last request: 0.001307 seconds.
  path: Assets/Prefabs/Kalynn's Assets/Textures/Carts/DoubleDecker/RoomFloor_2D_View.jpg
  artifactKey: Guid(7f2ac79ca8f3f9943a95f8172582424d) Importer(815301076,1909f56bfc062723c751e8b465ee728b)
Start importing Assets/Prefabs/Kalynn's Assets/Textures/Carts/DoubleDecker/RoomFloor_2D_View.jpg using Guid(7f2ac79ca8f3f9943a95f8172582424d) Importer(815301076,1909f56bfc062723c751e8b465ee728b)  -> (artifact id: 'b25d2bac4074c0333a524750c59f2954') in 0.045868 seconds 
  Import took 0.056491 seconds .

========================================================================
Received Import Request.
  Time since last request: 7.874759 seconds.
  path: Assets/Prefabs/Kalynn's Assets/Textures/Carts/DoubleDecker/Railing.mat
  artifactKey: Guid(ee7ea939a103f504ab702563fe1e80b2) Importer(815301076,1909f56bfc062723c751e8b465ee728b)
Start importing Assets/Prefabs/Kalynn's Assets/Textures/Carts/DoubleDecker/Railing.mat using Guid(ee7ea939a103f504ab702563fe1e80b2) Importer(815301076,1909f56bfc062723c751e8b465ee728b)  -> (artifact id: '621c99a11a361efd22784149c25318b0') in 0.107538 seconds 
  Import took 0.111082 seconds .

========================================================================
Received Import Request.
  Time since last request: 12.276345 seconds.
  path: Assets/Prefabs/Kalynn's Assets/Textures/Carts/DoubleDecker/RoomFloor.mat
  artifactKey: Guid(685235cfa0c8e2845814070a3cb8c726) Importer(815301076,1909f56bfc062723c751e8b465ee728b)
Start importing Assets/Prefabs/Kalynn's Assets/Textures/Carts/DoubleDecker/RoomFloor.mat using Guid(685235cfa0c8e2845814070a3cb8c726) Importer(815301076,1909f56bfc062723c751e8b465ee728b)  -> (artifact id: '8628a8649e5ee9dc34b147e27d5d3126') in 0.030784 seconds 
  Import took 0.035843 seconds .

========================================================================
Received Import Request.
  Time since last request: 24.513206 seconds.
  path: Assets/Prefabs/Kalynn's Assets/Textures/Carts/DoubleDecker/StairInner.mat
  artifactKey: Guid(b5c33e59bd38b264fb34af123af15d05) Importer(815301076,1909f56bfc062723c751e8b465ee728b)
Start importing Assets/Prefabs/Kalynn's Assets/Textures/Carts/DoubleDecker/StairInner.mat using Guid(b5c33e59bd38b264fb34af123af15d05) Importer(815301076,1909f56bfc062723c751e8b465ee728b)  -> (artifact id: 'f4bbbc20e8156ce343932e1cd3a25e02') in 0.310655 seconds 
  Import took 0.315150 seconds .

========================================================================
Received Import Request.
  Time since last request: 13.634695 seconds.
  path: Assets/Prefabs/Kalynn's Assets/Textures/Carts/DoubleDecker/StairOuter.mat
  artifactKey: Guid(506006050d9d824478e1491a32dfc978) Importer(815301076,1909f56bfc062723c751e8b465ee728b)
Start importing Assets/Prefabs/Kalynn's Assets/Textures/Carts/DoubleDecker/StairOuter.mat using Guid(506006050d9d824478e1491a32dfc978) Importer(815301076,1909f56bfc062723c751e8b465ee728b)  -> (artifact id: '82ec41151bf92de5d0252fdb5f6ddb97') in 0.071469 seconds 
  Import took 0.075785 seconds .

========================================================================
Received Import Request.
  Time since last request: 11.155097 seconds.
  path: Assets/Prefabs/Kalynn's Assets/Textures/Carts/DoubleDecker/Stairs.mat
  artifactKey: Guid(746f1d998c31b864fa7fa9f6a8771cc4) Importer(815301076,1909f56bfc062723c751e8b465ee728b)
Start importing Assets/Prefabs/Kalynn's Assets/Textures/Carts/DoubleDecker/Stairs.mat using Guid(746f1d998c31b864fa7fa9f6a8771cc4) Importer(815301076,1909f56bfc062723c751e8b465ee728b)  -> (artifact id: 'bf02c6249cf93bdbc322ad9a5311a8b3') in 0.069199 seconds 
  Import took 0.092238 seconds .

========================================================================
Received Import Request.
  Time since last request: 182.575561 seconds.
  path: Assets/Prefabs/Kalynn's Assets/Textures/Carts/DoubleDecker/OuterCartPiece_2D_View.jpg
  artifactKey: Guid(913b2a685fdc150479bc5b6431f3190c) Importer(815301076,1909f56bfc062723c751e8b465ee728b)
Start importing Assets/Prefabs/Kalynn's Assets/Textures/Carts/DoubleDecker/OuterCartPiece_2D_View.jpg using Guid(913b2a685fdc150479bc5b6431f3190c) Importer(815301076,1909f56bfc062723c751e8b465ee728b)  -> (artifact id: 'cf46aa8a7847043ea39812118ad7b312') in 0.140771 seconds 
  Import took 0.146408 seconds .

========================================================================
Received Import Request.
  Time since last request: 0.000669 seconds.
  path: Assets/Prefabs/Kalynn's Assets/Textures/Carts/DoubleDecker/OutterCart_2D_View.jpg
  artifactKey: Guid(a43a00144464f0f43832ccbfc3ea9e52) Importer(815301076,1909f56bfc062723c751e8b465ee728b)
Start importing Assets/Prefabs/Kalynn's Assets/Textures/Carts/DoubleDecker/OutterCart_2D_View.jpg using Guid(a43a00144464f0f43832ccbfc3ea9e52) Importer(815301076,1909f56bfc062723c751e8b465ee728b)  -> (artifact id: '246bbad5da78f85889dff36c53e0f98d') in 0.057676 seconds 
  Import took 0.072904 seconds .

========================================================================
Received Import Request.
  Time since last request: 10.649600 seconds.
  path: Assets/Prefabs/Kalynn's Assets/Textures/Carts/DoubleDecker/OuterCart.mat
  artifactKey: Guid(8063f165e16bc2a4ba61b40c1166e516) Importer(815301076,1909f56bfc062723c751e8b465ee728b)
Start importing Assets/Prefabs/Kalynn's Assets/Textures/Carts/DoubleDecker/OuterCart.mat using Guid(8063f165e16bc2a4ba61b40c1166e516) Importer(815301076,1909f56bfc062723c751e8b465ee728b)  -> (artifact id: 'e0ab48ac86a1792eb87c8979b3df1525') in 0.076062 seconds 
  Import took 0.080911 seconds .

========================================================================
Received Import Request.
  Time since last request: 19.677609 seconds.
  path: Assets/Prefabs/Kalynn's Assets/Textures/Carts/DoubleDecker/OuterCartPiece.mat
  artifactKey: Guid(c64c6f5262bacf9488916945f2113ef9) Importer(815301076,1909f56bfc062723c751e8b465ee728b)
Start importing Assets/Prefabs/Kalynn's Assets/Textures/Carts/DoubleDecker/OuterCartPiece.mat using Guid(c64c6f5262bacf9488916945f2113ef9) Importer(815301076,1909f56bfc062723c751e8b465ee728b)  -> (artifact id: '07cb35799f2a79c9044131f5472f3ef9') in 0.034676 seconds 
  Import took 0.042559 seconds .

========================================================================
Received Import Request.
  Time since last request: 47.178862 seconds.
  path: Assets/Prefabs/Kalynn's Assets/Textures/Carts/DoubleDecker/OuterCart.mat
  artifactKey: Guid(8063f165e16bc2a4ba61b40c1166e516) Importer(815301076,1909f56bfc062723c751e8b465ee728b)
Start importing Assets/Prefabs/Kalynn's Assets/Textures/Carts/DoubleDecker/OuterCart.mat using Guid(8063f165e16bc2a4ba61b40c1166e516) Importer(815301076,1909f56bfc062723c751e8b465ee728b)  -> (artifact id: '5a5cf74506534f05cb56fda6804e17c1') in 0.126151 seconds 
  Import took 0.130488 seconds .

========================================================================
Received Import Request.
  Time since last request: 0.000226 seconds.
  path: Assets/Prefabs/Kalynn's Assets/Textures/Carts/DoubleDecker/Stairs.mat
  artifactKey: Guid(746f1d998c31b864fa7fa9f6a8771cc4) Importer(815301076,1909f56bfc062723c751e8b465ee728b)
Start importing Assets/Prefabs/Kalynn's Assets/Textures/Carts/DoubleDecker/Stairs.mat using Guid(746f1d998c31b864fa7fa9f6a8771cc4) Importer(815301076,1909f56bfc062723c751e8b465ee728b)  -> (artifact id: '45b444f5ddbdfcccfe8304a0f2b181da') in 0.048290 seconds 
  Import took 0.055037 seconds .

========================================================================
Received Import Request.
  Time since last request: 0.000504 seconds.
  path: Assets/Prefabs/Kalynn's Assets/Textures/Carts/DoubleDecker/StairInner.mat
  artifactKey: Guid(b5c33e59bd38b264fb34af123af15d05) Importer(815301076,1909f56bfc062723c751e8b465ee728b)
Start importing Assets/Prefabs/Kalynn's Assets/Textures/Carts/DoubleDecker/StairInner.mat using Guid(b5c33e59bd38b264fb34af123af15d05) Importer(815301076,1909f56bfc062723c751e8b465ee728b)  -> (artifact id: '3021424462ca3f05817832e9ace8b9e4') in 0.078212 seconds 
  Import took 0.088311 seconds .

========================================================================
Received Import Request.
  Time since last request: 0.000432 seconds.
  path: Assets/Prefabs/Kalynn's Assets/Textures/Carts/DoubleDecker/Railing.mat
  artifactKey: Guid(ee7ea939a103f504ab702563fe1e80b2) Importer(815301076,1909f56bfc062723c751e8b465ee728b)
Start importing Assets/Prefabs/Kalynn's Assets/Textures/Carts/DoubleDecker/Railing.mat using Guid(ee7ea939a103f504ab702563fe1e80b2) Importer(815301076,1909f56bfc062723c751e8b465ee728b)  -> (artifact id: 'd50626585c47c0b078b97b0ed8f89f84') in 0.212182 seconds 
  Import took 0.233976 seconds .

========================================================================
Received Import Request.
  Time since last request: 0.000429 seconds.
  path: Assets/Prefabs/Kalynn's Assets/Textures/Carts/DoubleDecker/RoomFloor.mat
  artifactKey: Guid(685235cfa0c8e2845814070a3cb8c726) Importer(815301076,1909f56bfc062723c751e8b465ee728b)
Start importing Assets/Prefabs/Kalynn's Assets/Textures/Carts/DoubleDecker/RoomFloor.mat using Guid(685235cfa0c8e2845814070a3cb8c726) Importer(815301076,1909f56bfc062723c751e8b465ee728b)  -> (artifact id: '05c38be7d776b332a3ef86b19663dba5') in 0.023418 seconds 
  Import took 0.029934 seconds .

========================================================================
Received Import Request.
  Time since last request: 0.000490 seconds.
  path: Assets/Prefabs/Kalynn's Assets/Textures/Carts/DoubleDecker/OuterCartPiece.mat
  artifactKey: Guid(c64c6f5262bacf9488916945f2113ef9) Importer(815301076,1909f56bfc062723c751e8b465ee728b)
Start importing Assets/Prefabs/Kalynn's Assets/Textures/Carts/DoubleDecker/OuterCartPiece.mat using Guid(c64c6f5262bacf9488916945f2113ef9) Importer(815301076,1909f56bfc062723c751e8b465ee728b)  -> (artifact id: '61a251e794750bf4d563f8b67ca16d59') in 0.039765 seconds 
  Import took 0.051479 seconds .

========================================================================
Received Import Request.
  Time since last request: 0.000461 seconds.
  path: Assets/Prefabs/Kalynn's Assets/Textures/Carts/DoubleDecker/StairOuter.mat
  artifactKey: Guid(506006050d9d824478e1491a32dfc978) Importer(815301076,1909f56bfc062723c751e8b465ee728b)
Start importing Assets/Prefabs/Kalynn's Assets/Textures/Carts/DoubleDecker/StairOuter.mat using Guid(506006050d9d824478e1491a32dfc978) Importer(815301076,1909f56bfc062723c751e8b465ee728b)  -> (artifact id: '5f3a20234a49467d06bf74d13a74e0c7') in 0.035182 seconds 
  Import took 0.042886 seconds .

========================================================================
Received Import Request.
  Time since last request: 1024.053638 seconds.
  path: Assets/Prefabs/Kalynn's Assets/Textures/Roofs/Default
  artifactKey: Guid(5b5c879beece6d040bbe01c06ae36440) Importer(815301076,1909f56bfc062723c751e8b465ee728b)
Start importing Assets/Prefabs/Kalynn's Assets/Textures/Roofs/Default using Guid(5b5c879beece6d040bbe01c06ae36440) Importer(815301076,1909f56bfc062723c751e8b465ee728b)  -> (artifact id: '8c3bf97316096dfc47a755edd5e69471') in 0.010478 seconds 
  Import took 0.079334 seconds .

========================================================================
Received Import Request.
  Time since last request: 8.308343 seconds.
  path: Assets/Prefabs/Kalynn's Assets/Textures/Roofs/Windowed
  artifactKey: Guid(628e884b17289244991d9bb6a390c861) Importer(815301076,1909f56bfc062723c751e8b465ee728b)
Start importing Assets/Prefabs/Kalynn's Assets/Textures/Roofs/Windowed using Guid(628e884b17289244991d9bb6a390c861) Importer(815301076,1909f56bfc062723c751e8b465ee728b)  -> (artifact id: '8d9a5801fbea48313f57856260123b78') in 0.071024 seconds 
  Import took 0.075780 seconds .

========================================================================
Received Import Request.
  Time since last request: 9.511287 seconds.
  path: Assets/Prefabs/Kalynn's Assets/Textures/Roofs/Tall
  artifactKey: Guid(4d317a989ccf4b84d832ed56567bdcaa) Importer(815301076,1909f56bfc062723c751e8b465ee728b)
Start importing Assets/Prefabs/Kalynn's Assets/Textures/Roofs/Tall using Guid(4d317a989ccf4b84d832ed56567bdcaa) Importer(815301076,1909f56bfc062723c751e8b465ee728b)  -> (artifact id: 'df717fa7f3f0f13ea2fe286f5204b4f5') in 0.123639 seconds 
  Import took 0.128514 seconds .

========================================================================
Received Import Request.
  Time since last request: 14.235800 seconds.
  path: Assets/Prefabs/Kalynn's Assets/Textures/Roofs/Default/Accent1_2D_View.jpg
  artifactKey: Guid(1fca1564d2a7bba468bacb436bfaaedf) Importer(815301076,1909f56bfc062723c751e8b465ee728b)
Start importing Assets/Prefabs/Kalynn's Assets/Textures/Roofs/Default/Accent1_2D_View.jpg using Guid(1fca1564d2a7bba468bacb436bfaaedf) Importer(815301076,1909f56bfc062723c751e8b465ee728b)  -> (artifact id: '2e8013c1f385e4acf7b9f06fffa04820') in 0.092627 seconds 
  Import took 0.100143 seconds .

========================================================================
Received Import Request.
  Time since last request: 0.000370 seconds.
  path: Assets/Prefabs/Kalynn's Assets/Textures/Roofs/Default/Handle2_2D_View.jpg
  artifactKey: Guid(455744e9328619a4fa4769df486b69ed) Importer(815301076,1909f56bfc062723c751e8b465ee728b)
Start importing Assets/Prefabs/Kalynn's Assets/Textures/Roofs/Default/Handle2_2D_View.jpg using Guid(455744e9328619a4fa4769df486b69ed) Importer(815301076,1909f56bfc062723c751e8b465ee728b)  -> (artifact id: '43404af075161e254ccaec709a9e8b75') in 0.036010 seconds 
  Import took 0.039599 seconds .

========================================================================
Received Import Request.
  Time since last request: 0.000199 seconds.
  path: Assets/Prefabs/Kalynn's Assets/Textures/Roofs/Default/Wood_2D_View.jpg
  artifactKey: Guid(dd8f67c1d56597e47a21091ae9b5c2c1) Importer(815301076,1909f56bfc062723c751e8b465ee728b)
Start importing Assets/Prefabs/Kalynn's Assets/Textures/Roofs/Default/Wood_2D_View.jpg using Guid(dd8f67c1d56597e47a21091ae9b5c2c1) Importer(815301076,1909f56bfc062723c751e8b465ee728b)  -> (artifact id: 'a1233872735410d7edcd2c2ae247eac7') in 0.043368 seconds 
  Import took 0.048107 seconds .

========================================================================
Received Import Request.
  Time since last request: 0.000221 seconds.
  path: Assets/Prefabs/Kalynn's Assets/Textures/Roofs/Default/Light_Metal_2D_View.jpg
  artifactKey: Guid(01338605f6845db4f804fcf9c3c7c405) Importer(815301076,1909f56bfc062723c751e8b465ee728b)
Start importing Assets/Prefabs/Kalynn's Assets/Textures/Roofs/Default/Light_Metal_2D_View.jpg using Guid(01338605f6845db4f804fcf9c3c7c405) Importer(815301076,1909f56bfc062723c751e8b465ee728b)  -> (artifact id: '8b7f81704a9c98f22de094e853caa315') in 0.041854 seconds 
  Import took 0.046927 seconds .

========================================================================
Received Import Request.
  Time since last request: 0.000464 seconds.
  path: Assets/Prefabs/Kalynn's Assets/Textures/Roofs/Default/DarkMetal_2D_View.jpg
  artifactKey: Guid(240b7b612d908104d8e1ff0f80abac98) Importer(815301076,1909f56bfc062723c751e8b465ee728b)
Start importing Assets/Prefabs/Kalynn's Assets/Textures/Roofs/Default/DarkMetal_2D_View.jpg using Guid(240b7b612d908104d8e1ff0f80abac98) Importer(815301076,1909f56bfc062723c751e8b465ee728b)  -> (artifact id: '6ea9911cf38fdb5e1313c2fd1eda0470') in 0.042306 seconds 
  Import took 0.081571 seconds .

========================================================================
Received Import Request.
  Time since last request: 0.000237 seconds.
  path: Assets/Prefabs/Kalynn's Assets/Textures/Roofs/Default/InnerRoof_2D_View.jpg
  artifactKey: Guid(da5924d00e97ede4dacf4b018e0d7f90) Importer(815301076,1909f56bfc062723c751e8b465ee728b)
Start importing Assets/Prefabs/Kalynn's Assets/Textures/Roofs/Default/InnerRoof_2D_View.jpg using Guid(da5924d00e97ede4dacf4b018e0d7f90) Importer(815301076,1909f56bfc062723c751e8b465ee728b)  -> (artifact id: '77a41c5c904b4243ceb81d2180336adb') in 0.061503 seconds 
  Import took 0.065143 seconds .

========================================================================
Received Import Request.
  Time since last request: 0.000309 seconds.
  path: Assets/Prefabs/Kalynn's Assets/Textures/Roofs/Default/lambert1_2D_View.jpg
  artifactKey: Guid(2345cd079ace1c943b650d9e454e1590) Importer(815301076,1909f56bfc062723c751e8b465ee728b)
Start importing Assets/Prefabs/Kalynn's Assets/Textures/Roofs/Default/lambert1_2D_View.jpg using Guid(2345cd079ace1c943b650d9e454e1590) Importer(815301076,1909f56bfc062723c751e8b465ee728b)  -> (artifact id: 'c71839bc6705cd9242792cf3cd239248') in 0.062790 seconds 
  Import took 0.089322 seconds .

========================================================================
Received Import Request.
  Time since last request: 0.000311 seconds.
  path: Assets/Prefabs/Kalynn's Assets/Textures/Roofs/Default/Bolt_2D_View.jpg
  artifactKey: Guid(306f2501aa35e9740b98461fa7139852) Importer(815301076,1909f56bfc062723c751e8b465ee728b)
Start importing Assets/Prefabs/Kalynn's Assets/Textures/Roofs/Default/Bolt_2D_View.jpg using Guid(306f2501aa35e9740b98461fa7139852) Importer(815301076,1909f56bfc062723c751e8b465ee728b)  -> (artifact id: '26d8cc6808261a8e6cec00caf8b07d00') in 0.061065 seconds 
  Import took 0.064914 seconds .

========================================================================
Received Import Request.
  Time since last request: 0.000263 seconds.
  path: Assets/Prefabs/Kalynn's Assets/Textures/Roofs/Default/Rail_2D_View.jpg
  artifactKey: Guid(298e303bcefeaa04a8ce698950b9bad1) Importer(815301076,1909f56bfc062723c751e8b465ee728b)
Start importing Assets/Prefabs/Kalynn's Assets/Textures/Roofs/Default/Rail_2D_View.jpg using Guid(298e303bcefeaa04a8ce698950b9bad1) Importer(815301076,1909f56bfc062723c751e8b465ee728b)  -> (artifact id: 'd6a44c2c2d4edc615fc6544a7bfbef37') in 0.028780 seconds 
  Import took 0.059079 seconds .

========================================================================
Received Import Request.
  Time since last request: 0.000370 seconds.
  path: Assets/Prefabs/Kalynn's Assets/Textures/Roofs/Default/CartRoof_2D_View.jpg
  artifactKey: Guid(dc0a44a140b81704a8c94964fd7fb8ce) Importer(815301076,1909f56bfc062723c751e8b465ee728b)
Start importing Assets/Prefabs/Kalynn's Assets/Textures/Roofs/Default/CartRoof_2D_View.jpg using Guid(dc0a44a140b81704a8c94964fd7fb8ce) Importer(815301076,1909f56bfc062723c751e8b465ee728b)  -> (artifact id: 'b290cd572c7a18113bcb6520a891223a') in 0.093107 seconds 
  Import took 0.098064 seconds .

========================================================================
Received Import Request.
  Time since last request: 0.000253 seconds.
  path: Assets/Prefabs/Kalynn's Assets/Textures/Roofs/Default/Hatch_Door_2D_View.jpg
  artifactKey: Guid(9fd72b59c41d1be4f968dbc9441aa8c2) Importer(815301076,1909f56bfc062723c751e8b465ee728b)
Start importing Assets/Prefabs/Kalynn's Assets/Textures/Roofs/Default/Hatch_Door_2D_View.jpg using Guid(9fd72b59c41d1be4f968dbc9441aa8c2) Importer(815301076,1909f56bfc062723c751e8b465ee728b)  -> (artifact id: 'c9667029e42876f6d41291679dbd5e3e') in 0.024583 seconds 
  Import took 0.031071 seconds .

========================================================================
Received Import Request.
  Time since last request: 0.000703 seconds.
  path: Assets/Prefabs/Kalynn's Assets/Textures/Roofs/Default/Accent_2D_View.jpg
  artifactKey: Guid(70e27ebaea0f88d4caa00011b401395c) Importer(815301076,1909f56bfc062723c751e8b465ee728b)
Start importing Assets/Prefabs/Kalynn's Assets/Textures/Roofs/Default/Accent_2D_View.jpg using Guid(70e27ebaea0f88d4caa00011b401395c) Importer(815301076,1909f56bfc062723c751e8b465ee728b)  -> (artifact id: '5ac6fb7f3e4794b86cd0bdeacda43e74') in 0.054294 seconds 
  Import took 0.062251 seconds .

========================================================================
Received Import Request.
  Time since last request: 0.006430 seconds.
  path: Assets/Prefabs/Kalynn's Assets/Textures/Roofs/Default/Accent_2D_View.jpg
  artifactKey: Guid(70e27ebaea0f88d4caa00011b401395c) Importer(815301076,1909f56bfc062723c751e8b465ee728b)
Start importing Assets/Prefabs/Kalynn's Assets/Textures/Roofs/Default/Accent_2D_View.jpg using Guid(70e27ebaea0f88d4caa00011b401395c) Importer(815301076,1909f56bfc062723c751e8b465ee728b)  -> (artifact id: '5ac6fb7f3e4794b86cd0bdeacda43e74') in 0.015424 seconds 
  Import took 0.021886 seconds .

========================================================================
Received Import Request.
  Time since last request: 2184.596506 seconds.
  path: Assets/Prefabs/Kalynn's Assets/Textures/Roofs/Tall/CartRoof_2D_View.jpg
  artifactKey: Guid(1cc836f77cc7afb42942917d7c1e9df3) Importer(815301076,1909f56bfc062723c751e8b465ee728b)
Start importing Assets/Prefabs/Kalynn's Assets/Textures/Roofs/Tall/CartRoof_2D_View.jpg using Guid(1cc836f77cc7afb42942917d7c1e9df3) Importer(815301076,1909f56bfc062723c751e8b465ee728b)  -> (artifact id: 'c88e0c5e4675ab3189672622d942db68') in 0.283745 seconds 
  Import took 0.361217 seconds .

========================================================================
Received Import Request.
  Time since last request: 0.000879 seconds.
  path: Assets/Prefabs/Kalynn's Assets/Textures/Roofs/Tall/OuterWall_2D_View.jpg
  artifactKey: Guid(2aa40956c5e00614cad4ab3ace578596) Importer(815301076,1909f56bfc062723c751e8b465ee728b)
Start importing Assets/Prefabs/Kalynn's Assets/Textures/Roofs/Tall/OuterWall_2D_View.jpg using Guid(2aa40956c5e00614cad4ab3ace578596) Importer(815301076,1909f56bfc062723c751e8b465ee728b)  -> (artifact id: 'b9837ed2e7123997c2cb0a6a164190bf') in 0.482965 seconds 
  Import took 0.509574 seconds .

========================================================================
Received Import Request.
  Time since last request: 0.000352 seconds.
  path: Assets/Prefabs/Kalynn's Assets/Textures/Roofs/Tall/RoofMetal_2D_View.jpg
  artifactKey: Guid(cd762f994816bef409f3d23889b0cffb) Importer(815301076,1909f56bfc062723c751e8b465ee728b)
Start importing Assets/Prefabs/Kalynn's Assets/Textures/Roofs/Tall/RoofMetal_2D_View.jpg using Guid(cd762f994816bef409f3d23889b0cffb) Importer(815301076,1909f56bfc062723c751e8b465ee728b)  -> (artifact id: '902ba4f5f540e350efb7e6fdab4e74cf') in 0.022905 seconds 
  Import took 0.027117 seconds .

========================================================================
Received Import Request.
  Time since last request: 0.000378 seconds.
  path: Assets/Prefabs/Kalynn's Assets/Textures/Roofs/Tall/InnerWall_2D_View.jpg
  artifactKey: Guid(d749f59be4e2ee84aa279ed35cf8be53) Importer(815301076,1909f56bfc062723c751e8b465ee728b)
Start importing Assets/Prefabs/Kalynn's Assets/Textures/Roofs/Tall/InnerWall_2D_View.jpg using Guid(d749f59be4e2ee84aa279ed35cf8be53) Importer(815301076,1909f56bfc062723c751e8b465ee728b)  -> (artifact id: '4eda7fca65d842367843c3d2fd2886f3') in 0.031230 seconds 
  Import took 0.040049 seconds .

========================================================================
Received Import Request.
  Time since last request: 0.000881 seconds.
  path: Assets/Prefabs/Kalynn's Assets/Textures/Roofs/Tall/InnerRoof_2D_View.jpg
  artifactKey: Guid(6c79f3dd82c7f4642b593b6e699b55d7) Importer(815301076,1909f56bfc062723c751e8b465ee728b)
Start importing Assets/Prefabs/Kalynn's Assets/Textures/Roofs/Tall/InnerRoof_2D_View.jpg using Guid(6c79f3dd82c7f4642b593b6e699b55d7) Importer(815301076,1909f56bfc062723c751e8b465ee728b)  -> (artifact id: '6212560f32ac44ca75328278716befef') in 0.024233 seconds 
  Import took 0.035264 seconds .

========================================================================
Received Import Request.
  Time since last request: 0.000432 seconds.
  path: Assets/Prefabs/Kalynn's Assets/Textures/Roofs/Tall/Wood_2D_View.jpg
  artifactKey: Guid(da4849bbc6789db46819a03d5932cbf7) Importer(815301076,1909f56bfc062723c751e8b465ee728b)
Start importing Assets/Prefabs/Kalynn's Assets/Textures/Roofs/Tall/Wood_2D_View.jpg using Guid(da4849bbc6789db46819a03d5932cbf7) Importer(815301076,1909f56bfc062723c751e8b465ee728b)  -> (artifact id: 'e22d4192627b427b48cbfdf07d869bfd') in 0.055250 seconds 
  Import took 0.064371 seconds .

========================================================================
Received Import Request.
  Time since last request: 0.003964 seconds.
  path: Assets/Prefabs/Kalynn's Assets/Textures/Roofs/Tall/Wood_2D_View.jpg
  artifactKey: Guid(da4849bbc6789db46819a03d5932cbf7) Importer(815301076,1909f56bfc062723c751e8b465ee728b)
Start importing Assets/Prefabs/Kalynn's Assets/Textures/Roofs/Tall/Wood_2D_View.jpg using Guid(da4849bbc6789db46819a03d5932cbf7) Importer(815301076,1909f56bfc062723c751e8b465ee728b)  -> (artifact id: 'e22d4192627b427b48cbfdf07d869bfd') in 0.013385 seconds 
  Import took 0.034677 seconds .

========================================================================
Received Import Request.
  Time since last request: 193.601306 seconds.
  path: Assets/Prefabs/Kalynn's Assets/Textures/Roofs/Tall/Wood.mat
  artifactKey: Guid(f29741c9f2fcbf040bed064afbe53c80) Importer(815301076,1909f56bfc062723c751e8b465ee728b)
Start importing Assets/Prefabs/Kalynn's Assets/Textures/Roofs/Tall/Wood.mat using Guid(f29741c9f2fcbf040bed064afbe53c80) Importer(815301076,1909f56bfc062723c751e8b465ee728b)  -> (artifact id: '445a2ca40f14f9e6b5826c43e3a81674') in 0.078894 seconds 
  Import took 0.086678 seconds .

========================================================================
Received Import Request.
  Time since last request: 28.247358 seconds.
  path: Assets/Prefabs/Kalynn's Assets/Textures/Roofs/Tall/RoofMetal.mat
  artifactKey: Guid(960abf20ecc806d4fa4868bcc3f5ac14) Importer(815301076,1909f56bfc062723c751e8b465ee728b)
Start importing Assets/Prefabs/Kalynn's Assets/Textures/Roofs/Tall/RoofMetal.mat using Guid(960abf20ecc806d4fa4868bcc3f5ac14) Importer(815301076,1909f56bfc062723c751e8b465ee728b)  -> (artifact id: 'a758a355150a7d08d7577812a79ce0a4') in 0.034046 seconds 
  Import took 0.039883 seconds .

========================================================================
Received Import Request.
  Time since last request: 18.073883 seconds.
  path: Assets/Prefabs/Kalynn's Assets/Textures/Roofs/Tall/OuterWall.mat
  artifactKey: Guid(66b2eac817c8dc84b8d69ded5ee4278b) Importer(815301076,1909f56bfc062723c751e8b465ee728b)
Start importing Assets/Prefabs/Kalynn's Assets/Textures/Roofs/Tall/OuterWall.mat using Guid(66b2eac817c8dc84b8d69ded5ee4278b) Importer(815301076,1909f56bfc062723c751e8b465ee728b)  -> (artifact id: 'cd953f07e964b5eb8365cb70c2687054') in 0.028137 seconds 
  Import took 0.033873 seconds .

========================================================================
Received Import Request.
  Time since last request: 13.516554 seconds.
  path: Assets/Prefabs/Kalynn's Assets/Textures/Roofs/Tall/InnerWall.mat
  artifactKey: Guid(5b091534f13c14547a7005b3e4a36cd8) Importer(815301076,1909f56bfc062723c751e8b465ee728b)
Start importing Assets/Prefabs/Kalynn's Assets/Textures/Roofs/Tall/InnerWall.mat using Guid(5b091534f13c14547a7005b3e4a36cd8) Importer(815301076,1909f56bfc062723c751e8b465ee728b)  -> (artifact id: '2bb9ca6c830168346c5ff56c81e01d90') in 0.030509 seconds 
  Import took 0.035281 seconds .

========================================================================
Received Import Request.
  Time since last request: 15.283108 seconds.
  path: Assets/Prefabs/Kalynn's Assets/Textures/Roofs/Tall/InnerRoof.mat
  artifactKey: Guid(904c93a299dca804a83b729492d9d26a) Importer(815301076,1909f56bfc062723c751e8b465ee728b)
Start importing Assets/Prefabs/Kalynn's Assets/Textures/Roofs/Tall/InnerRoof.mat using Guid(904c93a299dca804a83b729492d9d26a) Importer(815301076,1909f56bfc062723c751e8b465ee728b)  -> (artifact id: '839174471d5b25fbd6d82d5b97ee6b25') in 0.153688 seconds 
  Import took 0.187299 seconds .

========================================================================
Received Import Request.
  Time since last request: 18.381044 seconds.
  path: Assets/Prefabs/Kalynn's Assets/Textures/Roofs/Tall/CartRoof.mat
  artifactKey: Guid(66a049060d7d6c7418d3f028136f8ade) Importer(815301076,1909f56bfc062723c751e8b465ee728b)
Start importing Assets/Prefabs/Kalynn's Assets/Textures/Roofs/Tall/CartRoof.mat using Guid(66a049060d7d6c7418d3f028136f8ade) Importer(815301076,1909f56bfc062723c751e8b465ee728b)  -> (artifact id: '123dc9c7163f310e0fd99e6ae1bee016') in 0.071133 seconds 
  Import took 0.076099 seconds .

========================================================================
Received Import Request.
  Time since last request: 99.919836 seconds.
  path: Assets/Prefabs/Kalynn's Assets/Textures/Roofs/Default/Wood.mat
  artifactKey: Guid(d57e19e08728483429ae3718363ed677) Importer(815301076,1909f56bfc062723c751e8b465ee728b)
Start importing Assets/Prefabs/Kalynn's Assets/Textures/Roofs/Default/Wood.mat using Guid(d57e19e08728483429ae3718363ed677) Importer(815301076,1909f56bfc062723c751e8b465ee728b)  -> (artifact id: 'baeea312ff33517090c6f40438215fcf') in 0.025667 seconds 
  Import took 0.034448 seconds .

========================================================================
Received Import Request.
  Time since last request: 10.317799 seconds.
  path: Assets/Prefabs/Kalynn's Assets/Textures/Roofs/Default/Rail.mat
  artifactKey: Guid(ae96f6fb9f83ab5419b2aaf8d115ca26) Importer(815301076,1909f56bfc062723c751e8b465ee728b)
Start importing Assets/Prefabs/Kalynn's Assets/Textures/Roofs/Default/Rail.mat using Guid(ae96f6fb9f83ab5419b2aaf8d115ca26) Importer(815301076,1909f56bfc062723c751e8b465ee728b)  -> (artifact id: '599dadaef2ececd2537c0019dece99d1') in 0.044533 seconds 
  Import took 0.054186 seconds .

========================================================================
Received Import Request.
  Time since last request: 16.348186 seconds.
  path: Assets/Prefabs/Kalynn's Assets/Textures/Roofs/Default/InnerRoof.mat
  artifactKey: Guid(eee5e0411184bea40b494bf0ffd09bd0) Importer(815301076,1909f56bfc062723c751e8b465ee728b)
Start importing Assets/Prefabs/Kalynn's Assets/Textures/Roofs/Default/InnerRoof.mat using Guid(eee5e0411184bea40b494bf0ffd09bd0) Importer(815301076,1909f56bfc062723c751e8b465ee728b)  -> (artifact id: '6aa40d18f3e8f1b4e6f6d0dceafa9784') in 0.020492 seconds 
  Import took 0.026283 seconds .

========================================================================
Received Import Request.
  Time since last request: 15.331943 seconds.
  path: Assets/Prefabs/Kalynn's Assets/Textures/Roofs/Default/CartRoof.mat
  artifactKey: Guid(1000775d4977edc4d949ae02bd34c6a4) Importer(815301076,1909f56bfc062723c751e8b465ee728b)
Start importing Assets/Prefabs/Kalynn's Assets/Textures/Roofs/Default/CartRoof.mat using Guid(1000775d4977edc4d949ae02bd34c6a4) Importer(815301076,1909f56bfc062723c751e8b465ee728b)  -> (artifact id: '5861ac06af968631a367f73487dcec81') in 0.023093 seconds 
  Import took 0.029963 seconds .

========================================================================
Received Import Request.
  Time since last request: 11.120887 seconds.
  path: Assets/Prefabs/Kalynn's Assets/Textures/Roofs/Default/Accent.mat
  artifactKey: Guid(865f56c2d9a7fef4ca7cf411db87a81b) Importer(815301076,1909f56bfc062723c751e8b465ee728b)
Start importing Assets/Prefabs/Kalynn's Assets/Textures/Roofs/Default/Accent.mat using Guid(865f56c2d9a7fef4ca7cf411db87a81b) Importer(815301076,1909f56bfc062723c751e8b465ee728b)  -> (artifact id: 'f0191a60e23a15c7180be59c86561c23') in 0.037045 seconds 
  Import took 0.044185 seconds .

========================================================================
Received Import Request.
  Time since last request: 129.205486 seconds.
  path: Assets/Prefabs/Kalynn's Assets/Textures/Accent_2D_View.jpg
  artifactKey: Guid(72f6026003722be47922df83d5e0baca) Importer(815301076,1909f56bfc062723c751e8b465ee728b)
Start importing Assets/Prefabs/Kalynn's Assets/Textures/Accent_2D_View.jpg using Guid(72f6026003722be47922df83d5e0baca) Importer(815301076,1909f56bfc062723c751e8b465ee728b)  -> (artifact id: 'dffaba1d0a71996c3fc411bc12c5055e') in 0.030339 seconds 
  Import took 0.178097 seconds .

========================================================================
Received Import Request.
  Time since last request: 0.000532 seconds.
  path: Assets/Prefabs/Kalynn's Assets/Textures/Bolt_2D_View.jpg
  artifactKey: Guid(17c95b073313d07409dd88f8b98f3966) Importer(815301076,1909f56bfc062723c751e8b465ee728b)
Start importing Assets/Prefabs/Kalynn's Assets/Textures/Bolt_2D_View.jpg using Guid(17c95b073313d07409dd88f8b98f3966) Importer(815301076,1909f56bfc062723c751e8b465ee728b)  -> (artifact id: '0ade929512f8a5830f1e2396bb5519c0') in 0.352118 seconds 
  Import took 0.356798 seconds .

========================================================================
Received Import Request.
  Time since last request: 0.000438 seconds.
  path: Assets/Prefabs/Kalynn's Assets/Textures/Handle2_2D_View.jpg
  artifactKey: Guid(b06cbd210323b33409d68e17f1c6071b) Importer(815301076,1909f56bfc062723c751e8b465ee728b)
Start importing Assets/Prefabs/Kalynn's Assets/Textures/Handle2_2D_View.jpg using Guid(b06cbd210323b33409d68e17f1c6071b) Importer(815301076,1909f56bfc062723c751e8b465ee728b)  -> (artifact id: '889290189ac6aa45f17847c71212d515') in 0.030349 seconds 
  Import took 0.035243 seconds .

========================================================================
Received Import Request.
  Time since last request: 0.000364 seconds.
  path: Assets/Prefabs/Kalynn's Assets/Textures/Hatch_Door_2D_View.jpg
  artifactKey: Guid(daf8a7eb9646e7a4684e1cb3a16df641) Importer(815301076,1909f56bfc062723c751e8b465ee728b)
Start importing Assets/Prefabs/Kalynn's Assets/Textures/Hatch_Door_2D_View.jpg using Guid(daf8a7eb9646e7a4684e1cb3a16df641) Importer(815301076,1909f56bfc062723c751e8b465ee728b)  -> (artifact id: '11804a7840cd0775e3d5dc47b4882d00') in 0.046520 seconds 
  Import took 0.056258 seconds .

========================================================================
Received Import Request.
  Time since last request: 0.000554 seconds.
  path: Assets/Prefabs/Kalynn's Assets/Textures/DarkMetal_2D_View.jpg
  artifactKey: Guid(f1ca8ece2217d934cbffef5240ec4171) Importer(815301076,1909f56bfc062723c751e8b465ee728b)
Start importing Assets/Prefabs/Kalynn's Assets/Textures/DarkMetal_2D_View.jpg using Guid(f1ca8ece2217d934cbffef5240ec4171) Importer(815301076,1909f56bfc062723c751e8b465ee728b)  -> (artifact id: 'f93fb870bbcb80b72a011050194181e6') in 0.029033 seconds 
  Import took 0.037592 seconds .

========================================================================
Received Import Request.
  Time since last request: 0.000554 seconds.
  path: Assets/Prefabs/Kalynn's Assets/Textures/Light_Metal_2D_View.jpg
  artifactKey: Guid(24fa6d15d23f7f541b30d478a0b554b4) Importer(815301076,1909f56bfc062723c751e8b465ee728b)
Start importing Assets/Prefabs/Kalynn's Assets/Textures/Light_Metal_2D_View.jpg using Guid(24fa6d15d23f7f541b30d478a0b554b4) Importer(815301076,1909f56bfc062723c751e8b465ee728b)  -> (artifact id: '5bcc110d0ef2bdfdc27463bf297f2924') in 0.028768 seconds 
  Import took 0.052325 seconds .

========================================================================
Received Import Request.
  Time since last request: 0.000338 seconds.
  path: Assets/Prefabs/Kalynn's Assets/Textures/lambert1_2D_View.jpg
  artifactKey: Guid(4d4dc07841b30c64491860a67fd68256) Importer(815301076,1909f56bfc062723c751e8b465ee728b)
Start importing Assets/Prefabs/Kalynn's Assets/Textures/lambert1_2D_View.jpg using Guid(4d4dc07841b30c64491860a67fd68256) Importer(815301076,1909f56bfc062723c751e8b465ee728b)  -> (artifact id: 'a1f22ff06b8b77b95c0e9b80397f48eb') in 0.027154 seconds 
  Import took 0.033963 seconds .

========================================================================
Received Import Request.
  Time since last request: 19.693194 seconds.
  path: Assets/Prefabs/Kalynn's Assets/Textures/Roofs/Light.mat
  artifactKey: Guid(4169effae991c7f46b4c83930dce03c2) Importer(815301076,1909f56bfc062723c751e8b465ee728b)
Start importing Assets/Prefabs/Kalynn's Assets/Textures/Roofs/Light.mat using Guid(4169effae991c7f46b4c83930dce03c2) Importer(815301076,1909f56bfc062723c751e8b465ee728b)  -> (artifact id: '9007d72bf13df6aae4bf1aa0d2107c1b') in 0.022905 seconds 
  Import took 0.028306 seconds .

========================================================================
Received Import Request.
  Time since last request: 15.021419 seconds.
  path: Assets/Prefabs/Kalynn's Assets/Textures/Roofs/Hatch.mat
  artifactKey: Guid(3085da2afc6428343bc0ad5c599afced) Importer(815301076,1909f56bfc062723c751e8b465ee728b)
Start importing Assets/Prefabs/Kalynn's Assets/Textures/Roofs/Hatch.mat using Guid(3085da2afc6428343bc0ad5c599afced) Importer(815301076,1909f56bfc062723c751e8b465ee728b)  -> (artifact id: '4072268b892adc769bd88a24ffb532e2') in 0.032081 seconds 
  Import took 0.035994 seconds .

========================================================================
Received Import Request.
  Time since last request: 11.302250 seconds.
  path: Assets/Prefabs/Kalynn's Assets/Textures/Roofs/Handle.mat
  artifactKey: Guid(884da8c9e0ca1b64c8e3dd25dcc1849c) Importer(815301076,1909f56bfc062723c751e8b465ee728b)
Start importing Assets/Prefabs/Kalynn's Assets/Textures/Roofs/Handle.mat using Guid(884da8c9e0ca1b64c8e3dd25dcc1849c) Importer(815301076,1909f56bfc062723c751e8b465ee728b)  -> (artifact id: 'c93fca0dd530645cfcfdef45bd4cf55e') in 0.888983 seconds 
  Import took 0.894596 seconds .

========================================================================
Received Import Request.
  Time since last request: 7.038848 seconds.
  path: Assets/Prefabs/Kalynn's Assets/Textures/Roofs/Dark.mat
  artifactKey: Guid(9a5833ace99c5ed439bd585511a09d0c) Importer(815301076,1909f56bfc062723c751e8b465ee728b)
Start importing Assets/Prefabs/Kalynn's Assets/Textures/Roofs/Dark.mat using Guid(9a5833ace99c5ed439bd585511a09d0c) Importer(815301076,1909f56bfc062723c751e8b465ee728b)  -> (artifact id: '4ebe25893f71536cf2d7083a42689207') in 0.090327 seconds 
  Import took 0.096280 seconds .

========================================================================
Received Import Request.
  Time since last request: 21.610082 seconds.
  path: Assets/Prefabs/Kalynn's Assets/Textures/Roofs/Bolt.mat
  artifactKey: Guid(7c8895eb78acc194bbffcdfe764f1f9d) Importer(815301076,1909f56bfc062723c751e8b465ee728b)
Start importing Assets/Prefabs/Kalynn's Assets/Textures/Roofs/Bolt.mat using Guid(7c8895eb78acc194bbffcdfe764f1f9d) Importer(815301076,1909f56bfc062723c751e8b465ee728b)  -> (artifact id: '4d9256f9996c8489b8da8f969a596fb5') in 0.029328 seconds 
  Import took 0.036717 seconds .

========================================================================
Received Import Request.
  Time since last request: 11.475907 seconds.
  path: Assets/Prefabs/Kalynn's Assets/Textures/Roofs/Accent.mat
  artifactKey: Guid(fb67c70dbfc571145aea513d8d023318) Importer(815301076,1909f56bfc062723c751e8b465ee728b)
Start importing Assets/Prefabs/Kalynn's Assets/Textures/Roofs/Accent.mat using Guid(fb67c70dbfc571145aea513d8d023318) Importer(815301076,1909f56bfc062723c751e8b465ee728b)  -> (artifact id: '224f86fe4598abed5c16f612b33df6bf') in 0.031966 seconds 
  Import took 0.037053 seconds .

========================================================================
Received Import Request.
  Time since last request: 27.663690 seconds.
  path: Assets/Prefabs/Kalynn's Assets/Textures/Roofs/Lambert.mat
  artifactKey: Guid(53eecf496a7d81b49b522b8d13ba0ba4) Importer(815301076,1909f56bfc062723c751e8b465ee728b)
Start importing Assets/Prefabs/Kalynn's Assets/Textures/Roofs/Lambert.mat using Guid(53eecf496a7d81b49b522b8d13ba0ba4) Importer(815301076,1909f56bfc062723c751e8b465ee728b)  -> (artifact id: '0e61f70a529fea891558c510f484d5fa') in 0.025081 seconds 
  Import took 0.033788 seconds .

========================================================================
Received Import Request.
  Time since last request: 564.035206 seconds.
  path: Assets/Accent2_2D_View.jpg
  artifactKey: Guid(ba1e62bd2bb54e746ba918b62614997c) Importer(815301076,1909f56bfc062723c751e8b465ee728b)
Start importing Assets/Accent2_2D_View.jpg using Guid(ba1e62bd2bb54e746ba918b62614997c) Importer(815301076,1909f56bfc062723c751e8b465ee728b)  -> (artifact id: 'b91e3c72e6ec5e79661d9a11afde7cc8') in 0.032561 seconds 
  Import took 0.047141 seconds .

========================================================================
Received Import Request.
  Time since last request: 0.000279 seconds.
  path: Assets/Hatch_Door_2D_View.jpg
  artifactKey: Guid(48d49ef538637f3478a6f7e37773837d) Importer(815301076,1909f56bfc062723c751e8b465ee728b)
Start importing Assets/Hatch_Door_2D_View.jpg using Guid(48d49ef538637f3478a6f7e37773837d) Importer(815301076,1909f56bfc062723c751e8b465ee728b)  -> (artifact id: '175f6f3789331ff8d49039fb6d6501e5') in 0.085649 seconds 
  Import took 0.111415 seconds .

========================================================================
Received Import Request.
  Time since last request: 0.000649 seconds.
  path: Assets/DarkMetal_2D_View.jpg
  artifactKey: Guid(466394b0920b3024b9a05436c4778079) Importer(815301076,1909f56bfc062723c751e8b465ee728b)
Start importing Assets/DarkMetal_2D_View.jpg using Guid(466394b0920b3024b9a05436c4778079) Importer(815301076,1909f56bfc062723c751e8b465ee728b)  -> (artifact id: 'dc44cfc6f4fb41a8d0eb133849a656be') in 0.019725 seconds 
  Import took 0.026674 seconds .

========================================================================
Received Import Request.
  Time since last request: 0.000527 seconds.
  path: Assets/Bolt_2D_View.jpg
  artifactKey: Guid(f1f2111e34d5c0443ba66e0c896da824) Importer(815301076,1909f56bfc062723c751e8b465ee728b)
Start importing Assets/Bolt_2D_View.jpg using Guid(f1f2111e34d5c0443ba66e0c896da824) Importer(815301076,1909f56bfc062723c751e8b465ee728b)  -> (artifact id: 'f7a951dff92b32543c10e66d2e6d501d') in 0.022410 seconds 
  Import took 0.028673 seconds .

========================================================================
Received Import Request.
  Time since last request: 0.000262 seconds.
  path: Assets/Light_Metal_2D_View.jpg
  artifactKey: Guid(59db4f97de34748479b3f69dca067be6) Importer(815301076,1909f56bfc062723c751e8b465ee728b)
Start importing Assets/Light_Metal_2D_View.jpg using Guid(59db4f97de34748479b3f69dca067be6) Importer(815301076,1909f56bfc062723c751e8b465ee728b)  -> (artifact id: '865211b2bda6be2aac86ed53d86f426a') in 0.021050 seconds 
  Import took 0.028356 seconds .

========================================================================
Received Import Request.
  Time since last request: 0.000395 seconds.
  path: Assets/Accent_2D_View.jpg
  artifactKey: Guid(eaddec99f16d42a45a9d7d83c85a2eb4) Importer(815301076,1909f56bfc062723c751e8b465ee728b)
Start importing Assets/Accent_2D_View.jpg using Guid(eaddec99f16d42a45a9d7d83c85a2eb4) Importer(815301076,1909f56bfc062723c751e8b465ee728b)  -> (artifact id: '96acf9c695d494636a4bd3a81bf654f7') in 0.035367 seconds 
  Import took 0.041676 seconds .

========================================================================
Received Import Request.
  Time since last request: 0.000615 seconds.
  path: Assets/Handle2_2D_View.jpg
  artifactKey: Guid(adcb0ca2d0a283d43b6c1be72de03ae6) Importer(815301076,1909f56bfc062723c751e8b465ee728b)
Start importing Assets/Handle2_2D_View.jpg using Guid(adcb0ca2d0a283d43b6c1be72de03ae6) Importer(815301076,1909f56bfc062723c751e8b465ee728b)  -> (artifact id: '05befb8181a4f8f397e31c0f0c69c100') in 0.023074 seconds 
  Import took 0.029773 seconds .

========================================================================
Received Import Request.
  Time since last request: 0.000258 seconds.
  path: Assets/DarkMetal2_2D_View.jpg
  artifactKey: Guid(f8a7bd6f258580c4f8a700b2728c5b75) Importer(815301076,1909f56bfc062723c751e8b465ee728b)
Start importing Assets/DarkMetal2_2D_View.jpg using Guid(f8a7bd6f258580c4f8a700b2728c5b75) Importer(815301076,1909f56bfc062723c751e8b465ee728b)  -> (artifact id: 'b4754971d2f73abb09703a9a9ef7e73b') in 0.030488 seconds 
  Import took 0.035651 seconds .

========================================================================
Received Import Request.
  Time since last request: 0.000480 seconds.
  path: Assets/lambert1_2D_View.jpg
  artifactKey: Guid(e4bf2661634019d4c9b5d1e7b3083b74) Importer(815301076,1909f56bfc062723c751e8b465ee728b)
Start importing Assets/lambert1_2D_View.jpg using Guid(e4bf2661634019d4c9b5d1e7b3083b74) Importer(815301076,1909f56bfc062723c751e8b465ee728b)  -> (artifact id: '5c2c2b3c53f98f24ebb6d096a37a7d39') in 0.024588 seconds 
  Import took 0.030880 seconds .

========================================================================
Received Import Request.
  Time since last request: 45.103560 seconds.
  path: Assets/Prefabs/Kalynn's Assets/Textures/Roofs/Accent2.mat
  artifactKey: Guid(4fe7437324ea2b44b8b15cd889185f87) Importer(815301076,1909f56bfc062723c751e8b465ee728b)
Start importing Assets/Prefabs/Kalynn's Assets/Textures/Roofs/Accent2.mat using Guid(4fe7437324ea2b44b8b15cd889185f87) Importer(815301076,1909f56bfc062723c751e8b465ee728b)  -> (artifact id: 'ab84b9a016a15ded2545d6aeefb28bf1') in 1.037325 seconds 
  Import took 1.045926 seconds .

========================================================================
Received Import Request.
  Time since last request: 30.245900 seconds.
  path: Assets/Prefabs/Kalynn's Assets/Textures/Roofs/Dark2.mat
  artifactKey: Guid(f7df1e7b23485fb40beeb76c2a8080fe) Importer(815301076,1909f56bfc062723c751e8b465ee728b)
Start importing Assets/Prefabs/Kalynn's Assets/Textures/Roofs/Dark2.mat using Guid(f7df1e7b23485fb40beeb76c2a8080fe) Importer(815301076,1909f56bfc062723c751e8b465ee728b)  -> (artifact id: 'd23767ddafc308ebe53db64c4954658d') in 0.035934 seconds 
  Import took 0.044445 seconds .

========================================================================
Received Import Request.
  Time since last request: 33.520754 seconds.
  path: Assets/Prefabs/Kalynn's Assets/Textures/Roofs/Accent.mat
  artifactKey: Guid(fb67c70dbfc571145aea513d8d023318) Importer(815301076,1909f56bfc062723c751e8b465ee728b)
Start importing Assets/Prefabs/Kalynn's Assets/Textures/Roofs/Accent.mat using Guid(fb67c70dbfc571145aea513d8d023318) Importer(815301076,1909f56bfc062723c751e8b465ee728b)  -> (artifact id: '1e30832001b0b3fbe294616f28e57077') in 0.044243 seconds 
  Import took 0.050630 seconds .

========================================================================
Received Import Request.
  Time since last request: 0.000786 seconds.
  path: Assets/Prefabs/Kalynn's Assets/Textures/Roofs/Dark2.mat
  artifactKey: Guid(f7df1e7b23485fb40beeb76c2a8080fe) Importer(815301076,1909f56bfc062723c751e8b465ee728b)
Start importing Assets/Prefabs/Kalynn's Assets/Textures/Roofs/Dark2.mat using Guid(f7df1e7b23485fb40beeb76c2a8080fe) Importer(815301076,1909f56bfc062723c751e8b465ee728b)  -> (artifact id: '6fc83c8f713143d23176bc009b66fbb6') in 0.030923 seconds 
  Import took 0.039939 seconds .

========================================================================
Received Import Request.
  Time since last request: 0.000535 seconds.
  path: Assets/Prefabs/Kalynn's Assets/Textures/Roofs/Hatch.mat
  artifactKey: Guid(3085da2afc6428343bc0ad5c599afced) Importer(815301076,1909f56bfc062723c751e8b465ee728b)
Start importing Assets/Prefabs/Kalynn's Assets/Textures/Roofs/Hatch.mat using Guid(3085da2afc6428343bc0ad5c599afced) Importer(815301076,1909f56bfc062723c751e8b465ee728b)  -> (artifact id: '282b5471c023a69b541896bc61be416b') in 0.031946 seconds 
  Import took 0.037979 seconds .

========================================================================
Received Import Request.
  Time since last request: 0.000446 seconds.
  path: Assets/Prefabs/Kalynn's Assets/Textures/Roofs/Accent2.mat
  artifactKey: Guid(4fe7437324ea2b44b8b15cd889185f87) Importer(815301076,1909f56bfc062723c751e8b465ee728b)
Start importing Assets/Prefabs/Kalynn's Assets/Textures/Roofs/Accent2.mat using Guid(4fe7437324ea2b44b8b15cd889185f87) Importer(815301076,1909f56bfc062723c751e8b465ee728b)  -> (artifact id: 'f3ec1d16829e901abb7f6a9b7194ef02') in 0.065594 seconds 
  Import took 0.072338 seconds .

========================================================================
Received Import Request.
  Time since last request: 0.001700 seconds.
  path: Assets/Prefabs/Kalynn's Assets/Textures/Roofs/Light.mat
  artifactKey: Guid(4169effae991c7f46b4c83930dce03c2) Importer(815301076,1909f56bfc062723c751e8b465ee728b)
Start importing Assets/Prefabs/Kalynn's Assets/Textures/Roofs/Light.mat using Guid(4169effae991c7f46b4c83930dce03c2) Importer(815301076,1909f56bfc062723c751e8b465ee728b)  -> (artifact id: 'd99e10b5c98f7018ff1aa1b79ae2ee20') in 0.063682 seconds 
  Import took 0.071986 seconds .

========================================================================
Received Import Request.
  Time since last request: 0.000252 seconds.
  path: Assets/Prefabs/Kalynn's Assets/Textures/Roofs/Dark.mat
  artifactKey: Guid(9a5833ace99c5ed439bd585511a09d0c) Importer(815301076,1909f56bfc062723c751e8b465ee728b)
Start importing Assets/Prefabs/Kalynn's Assets/Textures/Roofs/Dark.mat using Guid(9a5833ace99c5ed439bd585511a09d0c) Importer(815301076,1909f56bfc062723c751e8b465ee728b)  -> (artifact id: '0eb8cc2b62664a850dd04a2d4ee15fd8') in 0.033004 seconds 
  Import took 0.039776 seconds .

========================================================================
Received Import Request.
  Time since last request: 0.000667 seconds.
  path: Assets/Prefabs/Kalynn's Assets/Textures/Roofs/Handle.mat
  artifactKey: Guid(884da8c9e0ca1b64c8e3dd25dcc1849c) Importer(815301076,1909f56bfc062723c751e8b465ee728b)
Start importing Assets/Prefabs/Kalynn's Assets/Textures/Roofs/Handle.mat using Guid(884da8c9e0ca1b64c8e3dd25dcc1849c) Importer(815301076,1909f56bfc062723c751e8b465ee728b)  -> (artifact id: '5fed221f2bcb580e4bd8e5db6994b465') in 0.059224 seconds 
  Import took 0.068486 seconds .

========================================================================
Received Import Request.
  Time since last request: 0.000382 seconds.
  path: Assets/Prefabs/Kalynn's Assets/Textures/Roofs/Bolt.mat
  artifactKey: Guid(7c8895eb78acc194bbffcdfe764f1f9d) Importer(815301076,1909f56bfc062723c751e8b465ee728b)
Start importing Assets/Prefabs/Kalynn's Assets/Textures/Roofs/Bolt.mat using Guid(7c8895eb78acc194bbffcdfe764f1f9d) Importer(815301076,1909f56bfc062723c751e8b465ee728b)  -> (artifact id: '22adb5e3766c25f9cc15f68adf5c8d09') in 0.032156 seconds 
  Import took 0.040558 seconds .

========================================================================
Received Import Request.
  Time since last request: 0.000244 seconds.
  path: Assets/Prefabs/Kalynn's Assets/Textures/Roofs/Lambert.mat
  artifactKey: Guid(53eecf496a7d81b49b522b8d13ba0ba4) Importer(815301076,1909f56bfc062723c751e8b465ee728b)
Start importing Assets/Prefabs/Kalynn's Assets/Textures/Roofs/Lambert.mat using Guid(53eecf496a7d81b49b522b8d13ba0ba4) Importer(815301076,1909f56bfc062723c751e8b465ee728b)  -> (artifact id: '28dcf2c52d76b1e857f9c7d89cc4a2f9') in 0.038173 seconds 
  Import took 0.046709 seconds .

